## server log tail after restart
2026-06-18 00:40:33.964 INFO  agent token loaded from existing file file=runtime/security/agent-token.env agent_token=<redacted>
2026-06-18 00:40:33.964 INFO  server starting version=lightai-go 0.1.0 (commit: unknown, built: unknown, go: go1.26.4, linux/amd64) listen=0.0.0.0:18080 log_level=info db_path=data/lightai.db dev_mode=false
2026-06-18 00:40:33.966 INFO  db.open completed path=data/lightai.db duration_ms=1
2026-06-18 00:40:33.966 INFO  db migrate: begin
2026-06-18 00:40:33.969 INFO  db migrate: completed duration_ms=3
2026-06-18 00:40:33.969 INFO  db.migrate completed duration_ms=3
2026-06-18 00:40:34.019 INFO  bootstrap initialization skipped (already exists)
2026-06-18 00:40:34.019 INFO  auth.bootstrap completed duration_ms=49
2026-06-18 00:40:34.019 INFO  web assets not built; run 'cd web && npm run build'
2026-06-18 00:40:34.019 INFO  server listening addr=0.0.0.0:18080
2026-06-18 00:40:34.019 INFO  node health checker started offline_threshold=20s check_interval=10s
2026-06-18 00:40:36.132 INFO  node re-registered node_id=node-70894186-093c-403d-87d1-08f17a690521 agent_id=agent-01
2026-06-18 00:40:36.132 INFO  api.request.completed request_id=98d66cb0dbe741179dc9e0a0a8f25975 method=POST path=/api/v1/agent/register status=201 duration_ms=0
2026-06-18 00:40:38.975 INFO  api.request.completed request_id=6c02438be58849f78ba17d415d595ff3 method=GET path=/healthz status=200 duration_ms=0

## agent log tail after restart
2026-06-18 00:40:35.973 INFO  loaded persistent node identity node_id=node-70894186-093c-403d-87d1-08f17a690521 agent_id=agent-01 created_at=2026-06-17T00:38:24+08:00
2026-06-18 00:40:35.973 INFO  agent token loaded from shared file file=runtime/security/agent-token.env agent_token=<redacted>
2026-06-18 00:40:35.973 INFO  agent starting version=lightai-go 0.1.0 (commit: unknown, built: unknown, go: go1.26.4, linux/amd64) agent_id=agent-01 node_id=node-70894186-093c-403d-87d1-08f17a690521 server_url=http://127.0.0.1:18080 hostname=KZ-LAPTOP advertise_address=KZ-LAPTOP metrics_listen=0.0.0.0:19091 identity_file=runtime/agent-identity.json gpu_profile=production log_level=info
2026-06-18 00:40:36.098 INFO  auto-detect probe found GPUs vendor=nvidia device_count=1 duration_ms=124
2026-06-18 00:40:36.131 INFO  auto-detect probe: vendor not available vendor=metax reason=not_available:  duration_ms=33
2026-06-18 00:40:36.131 INFO  auto-detect GPU collectors complete mode=auto enabled_vendors=[nvidia]
2026-06-18 00:40:36.131 INFO  collectors configured system_enabled=true external_gpu_enabled=true mock_enabled=false gpu_profile=production heartbeat_interval_s=2 collect_interval_s=5 report_interval_s=5 request_timeout_s=5
2026-06-18 00:40:36.131 INFO  agent started agent_id=agent-01
2026-06-18 00:40:36.131 INFO  metrics server listening addr=0.0.0.0:19091
2026-06-18 00:40:36.132 INFO  register success agent_id=agent-01 server_returned_node_id=node-70894186-093c-403d-87d1-08f17a690521 cached_node_id=node-70894186-093c-403d-87d1-08f17a690521 latency_ms=0
2026-06-18 00:40:36.132 INFO  node_id reused agent_id=agent-01 node_id=node-70894186-093c-403d-87d1-08f17a690521
2026-06-18 00:40:36.132 INFO  agent registered with server node_id=node-70894186-093c-403d-87d1-08f17a690521 agent_id=agent-01
2026-06-18 00:40:36.246 INFO  gpu_metrics.summary operation=gpu_metrics stage=summary node_id=node-70894186-093c-403d-87d1-08f17a690521 gpu_count=1 success_count=1 failure_count=0 last_collect_ms=112 max_collect_ms=112 avg_collect_ms=112
2026-06-18 00:40:38.134 INFO  heartbeat first success agent_id=agent-01 node_id=node-70894186-093c-403d-87d1-08f17a690521 latency_ms=1
2026-06-18 00:40:38.134 INFO  heartbeat.summary operation=heartbeat stage=summary node_id=node-70894186-093c-403d-87d1-08f17a690521 success_count=1 failure_count=0 last_latency_ms=1 max_latency_ms=1 avg_latency_ms=1
2026-06-18 00:40:38.134 INFO  task_poll.summary operation=task_poll stage=summary node_id=node-70894186-093c-403d-87d1-08f17a690521 no_task_count=1 claimed_count=0 failure_count=0 total_count=1
